#
# There is insufficient memory for the Java Runtime Environment to continue.
# Native memory allocation (mmap) failed to map 134217728 bytes for G1 virtual space
# Possible reasons:
#   The system is out of physical RAM or swap space
#   The process is running with CompressedOops enabled, and the Java Heap may be blocking the growth of the native heap
# Possible solutions:
#   Reduce memory load on the system
#   Increase physical memory or swap space
#   Check if swap backing store is full
#   Decrease Java heap size (-Xmx/-Xms)
#   Decrease number of Java threads
#   Decrease Java thread stack sizes (-Xss)
#   Set larger code cache with -XX:ReservedCodeCacheSize=
#   JVM is running with Unscaled Compressed Oops mode in which the Java heap is
#     placed in the first 4GB address space. The Java Heap base address is the
#     maximum limit for the native heap growth. Please use -XX:HeapBaseMinAddress
#     to set the Java Heap base and to place the Java Heap above 4GB virtual address.
# This output file may be truncated or incomplete.
#
#  Out of Memory Error (os_windows.cpp:3600), pid=21108, tid=4328
#
# JRE version:  (21.0.2+13) (build )
# Java VM: Java HotSpot(TM) 64-Bit Server VM (21.0.2+13-LTS-58, mixed mode, sharing, tiered, compressed oops, compressed class ptrs, g1 gc, windows-amd64)
# No core dump will be written. Minidumps are not enabled by default on client versions of Windows
#

---------------  S U M M A R Y ------------

Command Line: -XX:+ShowCodeDetailsInExceptionMessages -agentlib:jdwp=transport=dt_socket,suspend=y,address=localhost:58459 -javaagent:C:\Users\HP\eclipse\jee-2023-122\eclipse\configuration\org.eclipse.osgi\434\0\.cp\lib\javaagent-shaded.jar -Dfile.encoding=UTF-8 -Dstdout.encoding=UTF-8 -Dstderr.encoding=UTF-8 Core.Pizza

Host: Intel(R) Core(TM) i3-5005U CPU @ 2.00GHz, 4 cores, 7G,  Windows 10 , 64 bit Build 19041 (10.0.19041.3636)
Time: Tue Mar  5 11:29:21 2024 India Standard Time elapsed time: 0.023689 seconds (0d 0h 0m 0s)

---------------  T H R E A D  ---------------

Current thread (0x00000246f7217290):  JavaThread "Unknown thread" [_thread_in_vm, id=4328, stack(0x000000cdfd900000,0x000000cdfda00000) (1024K)]

Stack: [0x000000cdfd900000,0x000000cdfda00000]
Native frames: (J=compiled Java code, j=interpreted, Vv=VM code, C=native code)
V  [jvm.dll+0x6cade9]
V  [jvm.dll+0x8569c1]
V  [jvm.dll+0x858d2e]
V  [jvm.dll+0x859413]
V  [jvm.dll+0x280e56]
V  [jvm.dll+0x6c74d5]
V  [jvm.dll+0x6bbeca]
V  [jvm.dll+0x355bca]
V  [jvm.dll+0x35d816]
V  [jvm.dll+0x3ae67e]
V  [jvm.dll+0x3ae928]
V  [jvm.dll+0x3295dc]
V  [jvm.dll+0x32a16b]
V  [jvm.dll+0x81efa9]
V  [jvm.dll+0x3bba01]
V  [jvm.dll+0x807928]
V  [jvm.dll+0x44f50e]
V  [jvm.dll+0x450e11]
C  [jli.dll+0x52a3]
C  [ucrtbase.dll+0x21bb2]
C  [KERNEL32.DLL+0x17344]
C  [ntdll.dll+0x526b1]


---------------  P R O C E S S  ---------------

Threads class SMR info:
_java_thread_list=0x00007ff93059bb88, length=0, elements={
}

Java Threads: ( => current thread )
Total: 0

Other Threads:
  0x00000246f726be00 WorkerThread "GC Thread#0"                     [id=17472, stack(0x000000cdfda00000,0x000000cdfdb00000) (1024K)]
  0x00000246f727ecd0 ConcurrentGCThread "G1 Main Marker"            [id=20128, stack(0x000000cdfdb00000,0x000000cdfdc00000) (1024K)]
  0x00000246f727f7d0 WorkerThread "G1 Conc#0"                       [id=20280, stack(0x000000cdfdc00000,0x000000cdfdd00000) (1024K)]

[error occurred during error reporting (printing all threads), id 0xc0000005, EXCEPTION_ACCESS_VIOLATION (0xc0000005) at pc=0x00007ff92fd0c6a7]
VM state: not at safepoint (not fully initialized)

VM Mutex/Monitor currently owned by a thread:  ([mutex/lock_event])
[0x00007ff93060ce68] Heap_lock - owner thread: 0x00000246f7217290

Heap address: 0x0000000081400000, size: 2028 MB, Compressed Oops mode: 32-bit

CDS archive(s) mapped at: [0x0000000000000000-0x0000000000000000-0x0000000000000000), size 0, SharedBaseAddress: 0x0000000800000000, ArchiveRelocationMode: 1.
Narrow klass base: 0x0000000000000000, Narrow klass shift: 0, Narrow klass range: 0x0

GC Precious Log:
 CardTable entry size: 512
 Card Set container configuration: InlinePtr #cards 5 size 8 Array Of Cards #cards 12 size 40 Howl #buckets 4 coarsen threshold 1843 Howl Bitmap #cards 512 size 80 coarsen threshold 460 Card regions per heap region 1 cards per card region 2048

Heap:
 garbage-first heap   total 0K, used 0K [0x0000000081400000, 0x0000000100000000)
  region size 1024K, 0 young (0K), 0 survivors (0K)

[error occurred during error reporting (printing heap information), id 0xc0000005, EXCEPTION_ACCESS_VIOLATION (0xc0000005) at pc=0x00007ff9300f39f9]
GC Heap History (0 events):
No events

Dll operation events (1 events):
Event: 0.018 Loaded shared library C:\Program Files\Java\jdk-21\bin\java.dll

Deoptimization events (0 events):
No events

Classes loaded (0 events):
No events

Classes unloaded (0 events):
No events

Classes redefined (0 events):
No events

Internal exceptions (0 events):
No events

ZGC Phase Switch (0 events):
No events

VM Operations (0 events):
No events

Events (0 events):
No events


Dynamic libraries:
0x00007ff7103d0000 - 0x00007ff7103e0000 	C:\Program Files\Java\jdk-21\bin\javaw.exe
0x00007ff9822f0000 - 0x00007ff9824e8000 	C:\Windows\SYSTEM32\ntdll.dll
0x00007ff981c90000 - 0x00007ff981d4d000 	C:\Windows\System32\KERNEL32.DLL
0x00007ff97f9b0000 - 0x00007ff97fca6000 	C:\Windows\System32\KERNELBASE.dll
0x00007ff97ff50000 - 0x00007ff980050000 	C:\Windows\System32\ucrtbase.dll
0x00007ff970d40000 - 0x00007ff970d59000 	C:\Program Files\Java\jdk-21\bin\jli.dll
0x00007ff9814e0000 - 0x00007ff981593000 	C:\Windows\System32\ADVAPI32.dll
0x00007ff980560000 - 0x00007ff9805fe000 	C:\Windows\System32\msvcrt.dll
0x00007ff982150000 - 0x00007ff9821ef000 	C:\Windows\System32\sechost.dll
0x00007ff980e80000 - 0x00007ff980fa6000 	C:\Windows\System32\RPCRT4.dll
0x00007ff96cf70000 - 0x00007ff96cf8b000 	C:\Program Files\Java\jdk-21\bin\VCRUNTIME140.dll
0x00007ff980300000 - 0x00007ff980327000 	C:\Windows\System32\bcrypt.dll
0x00007ff980330000 - 0x00007ff9804ce000 	C:\Windows\System32\USER32.dll
0x00007ff980050000 - 0x00007ff980072000 	C:\Windows\System32\win32u.dll
0x00007ff9814a0000 - 0x00007ff9814cb000 	C:\Windows\System32\GDI32.dll
0x00007ff97fcb0000 - 0x00007ff97fdc7000 	C:\Windows\System32\gdi32full.dll
0x00007ff97fe60000 - 0x00007ff97fefd000 	C:\Windows\System32\msvcp_win.dll
0x00007ff973f90000 - 0x00007ff97422a000 	C:\Windows\WinSxS\amd64_microsoft.windows.common-controls_6595b64144ccf1df_6.0.19041.3636_none_60b6a03d71f818d5\COMCTL32.dll
0x00007ff975980000 - 0x00007ff97598a000 	C:\Windows\SYSTEM32\VERSION.dll
0x00007ff981c50000 - 0x00007ff981c82000 	C:\Windows\System32\IMM32.DLL
0x00007ff97b880000 - 0x00007ff97b88c000 	C:\Program Files\Java\jdk-21\bin\vcruntime140_1.dll
0x00007ff9616f0000 - 0x00007ff96177e000 	C:\Program Files\Java\jdk-21\bin\msvcp140.dll
0x00007ff92f9d0000 - 0x00007ff9306e7000 	C:\Program Files\Java\jdk-21\bin\server\jvm.dll
0x00007ff980e10000 - 0x00007ff980e7b000 	C:\Windows\System32\WS2_32.dll
0x00007ff97ef50000 - 0x00007ff97ef9b000 	C:\Windows\SYSTEM32\POWRPROF.dll
0x00007ff973ce0000 - 0x00007ff973d07000 	C:\Windows\SYSTEM32\WINMM.dll
0x00007ff97edc0000 - 0x00007ff97edd2000 	C:\Windows\SYSTEM32\UMPDC.dll
0x00007ff97d860000 - 0x00007ff97d872000 	C:\Windows\SYSTEM32\kernel.appcore.dll
0x00007ff978ec0000 - 0x00007ff978eca000 	C:\Program Files\Java\jdk-21\bin\jimage.dll
0x00007ff976f40000 - 0x00007ff977124000 	C:\Windows\SYSTEM32\DBGHELP.DLL
0x00007ff976f00000 - 0x00007ff976f34000 	C:\Windows\SYSTEM32\dbgcore.DLL
0x00007ff97fdd0000 - 0x00007ff97fe52000 	C:\Windows\System32\bcryptPrimitives.dll
0x00007ff9626d0000 - 0x00007ff96270c000 	C:\Program Files\Java\jdk-21\bin\jdwp.dll
0x00007ff977240000 - 0x00007ff97724f000 	C:\Program Files\Java\jdk-21\bin\instrument.dll
0x00007ff96cf10000 - 0x00007ff96cf2f000 	C:\Program Files\Java\jdk-21\bin\java.dll

dbghelp: loaded successfully - version: 4.0.5 - missing functions: none
symbol engine: initialized successfully - sym options: 0x614 - pdb path: .;C:\Program Files\Java\jdk-21\bin;C:\Windows\SYSTEM32;C:\Windows\WinSxS\amd64_microsoft.windows.common-controls_6595b64144ccf1df_6.0.19041.3636_none_60b6a03d71f818d5;C:\Program Files\Java\jdk-21\bin\server

VM Arguments:
jvm_args: -XX:+ShowCodeDetailsInExceptionMessages -agentlib:jdwp=transport=dt_socket,suspend=y,address=localhost:58459 -javaagent:C:\Users\HP\eclipse\jee-2023-122\eclipse\configuration\org.eclipse.osgi\434\0\.cp\lib\javaagent-shaded.jar -Dfile.encoding=UTF-8 -Dstdout.encoding=UTF-8 -Dstderr.encoding=UTF-8 
java_command: Core.Pizza
java_class_path (initial): C:\Users\HP\eclipse-workspace\FirstDemo\bin
Launcher Type: SUN_STANDARD

[Global flags]
     intx CICompilerCount                          = 3                                         {product} {ergonomic}
     uint ConcGCThreads                            = 1                                         {product} {ergonomic}
     uint G1ConcRefinementThreads                  = 4                                         {product} {ergonomic}
   size_t G1HeapRegionSize                         = 1048576                                   {product} {ergonomic}
    uintx GCDrainStackTargetSize                   = 64                                        {product} {ergonomic}
   size_t InitialHeapSize                          = 134217728                                 {product} {ergonomic}
   size_t MarkStackSize                            = 4194304                                   {product} {ergonomic}
   size_t MaxHeapSize                              = 2126512128                                {product} {ergonomic}
   size_t MinHeapDeltaBytes                        = 1048576                                   {product} {ergonomic}
   size_t MinHeapSize                              = 8388608                                   {product} {ergonomic}
    uintx NonNMethodCodeHeapSize                   = 5832780                                {pd product} {ergonomic}
    uintx NonProfiledCodeHeapSize                  = 122912730                              {pd product} {ergonomic}
    uintx ProfiledCodeHeapSize                     = 122912730                              {pd product} {ergonomic}
    uintx ReservedCodeCacheSize                    = 251658240                              {pd product} {ergonomic}
     bool SegmentedCodeCache                       = true                                      {product} {ergonomic}
     bool ShowCodeDetailsInExceptionMessages       = true                                   {manageable} {command line}
   size_t SoftMaxHeapSize                          = 2126512128                             {manageable} {ergonomic}
     bool UseCompressedOops                        = true                           {product lp64_product} {ergonomic}
     bool UseG1GC                                  = true                                      {product} {ergonomic}
     bool UseLargePagesIndividualAllocation        = false                                  {pd product} {ergonomic}

Logging:
Log output configuration:
 #0: stdout all=warning uptime,level,tags foldmultilines=false
 #1: stderr all=off uptime,level,tags foldmultilines=false

Environment Variables:
PATH=C:/Program Files/Java/jdk-21/bin/server;C:/Program Files/Java/jdk-21/bin;C:/Users/HP/AppData/Local/Temp/eoi8CA1.tmp//plugins/org.eclipse.justj.openjdk.hotspot.jre.minimal.stripped.win32.x86_64_17.0.9.v20231028-0858/jre/bin/server;C:/Users/HP/AppData/Local/Temp/eoi8CA1.tmp//plugins/org.eclipse.justj.openjdk.hotspot.jre.minimal.stripped.win32.x86_64_17.0.9.v20231028-0858/jre/bin;C:\Program Files\Google\Chrome\Application;C:\Program Files\Common Files\Oracle\Java\javapath;C:\Windows\system32;C:\Windows;C:\Windows\System32\Wbem;C:\Windows\System32\WindowsPowerShell\v1.0\;C:\Windows\System32\OpenSSH\;C:\Users\HP\AppData\Local\Microsoft\WindowsApps;;C:\Users\HP\Downloads;;C:\Users\HP\Downloads;
USERNAME=HP
OS=Windows_NT
PROCESSOR_IDENTIFIER=Intel64 Family 6 Model 61 Stepping 4, GenuineIntel
TMP=C:\Users\HP\AppData\Local\Temp
TEMP=C:\Users\HP\AppData\Local\Temp




Periodic native trim disabled

---------------  S Y S T E M  ---------------

OS:
 Windows 10 , 64 bit Build 19041 (10.0.19041.3636)
OS uptime: 5 days 21:16 hours

CPU: total 4 (initial active 4) (2 cores per cpu, 2 threads per core) family 6 model 61 stepping 4 microcode 0x2d, cx8, cmov, fxsr, ht, mmx, 3dnowpref, sse, sse2, sse3, ssse3, sse4.1, sse4.2, popcnt, lzcnt, tsc, tscinvbit, avx, avx2, aes, erms, clmul, bmi1, bmi2, adx, fma, vzeroupper, clflush, rdtscp, f16c
Processor Information for all 4 processors :
  Max Mhz: 2000, Current Mhz: 2000, Mhz Limit: 2000

Memory: 4k page, system-wide physical 8104M (1113M free)
TotalPageFile size 20582M (AvailPageFile size 7M)
current process WorkingSet (physical memory assigned to process): 10M, peak: 10M
current process commit charge ("private bytes"): 51M, peak: 179M

vm_info: Java HotSpot(TM) 64-Bit Server VM (21.0.2+13-LTS-58) for windows-amd64 JRE (21.0.2+13-LTS-58), built on 2024-01-05T18:32:24Z by "mach5one" with MS VC++ 17.1 (VS2022)

END.
